# JRE version: Java(TM) SE Runtime Environment (8.0_101-b13) (build 1.8.0_101-b13)
# Java VM: Java HotSpot(TM) 64-Bit Server VM (25.101-b13 mixed mode windows-amd64 compressed oops)
Heap:
 PSYoungGen      total 574976K, used 318480K [0x00000000d5580000, 0x0000000100000000, 0x0000000100000000)
  eden space 513024K, 55% used [0x00000000d5580000,0x00000000e6c21d08,0x00000000f4a80000)
  from space 61952K, 53% used [0x00000000f4a80000,0x00000000f6ae2378,0x00000000f8700000)
  to   space 108032K, 0% used [0x00000000f9680000,0x00000000f9680000,0x0000000100000000)
 ParOldGen       total 348672K, used 174604K [0x0000000080000000, 0x0000000095480000, 0x00000000d5580000)
  object space 348672K, 50% used [0x0000000080000000,0x000000008aa830e0,0x0000000095480000)
 Metaspace       used 6725K, capacity 7640K, committed 7936K, reserved 1056768K
  class space    used 626K, capacity 656K, committed 768K, reserved 1048576K
GC Heap History (10 events):
Event: 2.185 GC heap before
{Heap before GC invocations=4 (full 0):
 PSYoungGen      total 141824K, used 141817K [0x00000000d5580000, 0x00000000e6a80000, 0x0000000100000000)
  eden space 131072K, 100% used [0x00000000d5580000,0x00000000dd580000,0x00000000dd580000)
  from space 10752K, 99% used [0x00000000dd580000,0x00000000ddffe738,0x00000000de000000)
  to   space 10752K, 0% used [0x00000000e6000000,0x00000000e6000000,0x00000000e6a80000)
 ParOldGen       total 175104K, used 25603K [0x0000000080000000, 0x000000008ab00000, 0x00000000d5580000)
  object space 175104K, 14% used [0x0000000080000000,0x0000000081900fe0,0x000000008ab00000)
 Metaspace       used 6101K, capacity 7152K, committed 7296K, reserved 1056768K
  class space    used 594K, capacity 616K, committed 640K, reserved 1048576K
Event: 2.218 GC heap after
Heap after GC invocations=4 (full 0):
 PSYoungGen      total 272896K, used 10743K [0x00000000d5580000, 0x00000000e6a80000, 0x0000000100000000)
  eden space 262144K, 0% used [0x00000000d5580000,0x00000000d5580000,0x00000000e5580000)
  from space 10752K, 99% used [0x00000000e6000000,0x00000000e6a7dfb8,0x00000000e6a80000)
  to   space 10752K, 0% used [0x00000000e5580000,0x00000000e5580000,0x00000000e6000000)
 ParOldGen       total 175104K, used 42056K [0x0000000080000000, 0x000000008ab00000, 0x00000000d5580000)
  object space 175104K, 24% used [0x0000000080000000,0x00000000829121c0,0x000000008ab00000)
 Metaspace       used 6101K, capacity 7152K, committed 7296K, reserved 1056768K
  class space    used 594K, capacity 616K, committed 640K, reserved 1048576K
}
Event: 3.131 GC heap before
{Heap before GC invocations=5 (full 0):
 PSYoungGen      total 272896K, used 272887K [0x00000000d5580000, 0x00000000e6a80000, 0x0000000100000000)
  eden space 262144K, 100% used [0x00000000d5580000,0x00000000e5580000,0x00000000e5580000)
  from space 10752K, 99% used [0x00000000e6000000,0x00000000e6a7dfb8,0x00000000e6a80000)
  to   space 10752K, 0% used [0x00000000e5580000,0x00000000e5580000,0x00000000e6000000)
 ParOldGen       total 175104K, used 42056K [0x0000000080000000, 0x000000008ab00000, 0x00000000d5580000)
  object space 175104K, 24% used [0x0000000080000000,0x00000000829121c0,0x000000008ab00000)
 Metaspace       used 6139K, capacity 7216K, committed 7296K, reserved 1056768K
  class space    used 594K, capacity 616K, committed 640K, reserved 1048576K
Event: 3.178 GC heap after
Heap after GC invocations=5 (full 0):
 PSYoungGen      total 272896K, used 10735K [0x00000000d5580000, 0x00000000fb880000, 0x0000000100000000)
  eden space 262144K, 0% used [0x00000000d5580000,0x00000000d5580000,0x00000000e5580000)
  from space 10752K, 99% used [0x00000000e5580000,0x00000000e5ffbe28,0x00000000e6000000)
  to   space 50688K, 0% used [0x00000000f8700000,0x00000000f8700000,0x00000000fb880000)
 ParOldGen       total 175104K, used 79488K [0x0000000080000000, 0x000000008ab00000, 0x00000000d5580000)
  object space 175104K, 45% used [0x0000000080000000,0x0000000084da01a8,0x000000008ab00000)
 Metaspace       used 6139K, capacity 7216K, committed 7296K, reserved 1056768K
  class space    used 594K, capacity 616K, committed 640K, reserved 1048576K
}
Event: 3.900 GC heap before
{Heap before GC invocations=6 (full 0):
 PSYoungGen      total 272896K, used 272879K [0x00000000d5580000, 0x00000000fb880000, 0x0000000100000000)
  eden space 262144K, 100% used [0x00000000d5580000,0x00000000e5580000,0x00000000e5580000)
  from space 10752K, 99% used [0x00000000e5580000,0x00000000e5ffbe28,0x00000000e6000000)
  to   space 50688K, 0% used [0x00000000f8700000,0x00000000f8700000,0x00000000fb880000)
 ParOldGen       total 175104K, used 79488K [0x0000000080000000, 0x000000008ab00000, 0x00000000d5580000)
  object space 175104K, 45% used [0x0000000080000000,0x0000000084da01a8,0x000000008ab00000)
 Metaspace       used 6167K, capacity 7216K, committed 7296K, reserved 1056768K
  class space    used 595K, capacity 616K, committed 640K, reserved 1048576K
Event: 3.949 GC heap after
Heap after GC invocations=6 (full 0):
 PSYoungGen      total 563712K, used 50685K [0x00000000d5580000, 0x00000000fce80000, 0x0000000100000000)
  eden space 513024K, 0% used [0x00000000d5580000,0x00000000d5580000,0x00000000f4a80000)
  from space 50688K, 99% used [0x00000000f8700000,0x00000000fb87f668,0x00000000fb880000)
  to   space 61952K, 0% used [0x00000000f4a80000,0x00000000f4a80000,0x00000000f8700000)
 ParOldGen       total 175104K, used 81641K [0x0000000080000000, 0x000000008ab00000, 0x00000000d5580000)
  object space 175104K, 46% used [0x0000000080000000,0x0000000084fba620,0x000000008ab00000)
 Metaspace       used 6167K, capacity 7216K, committed 7296K, reserved 1056768K
  class space    used 595K, capacity 616K, committed 640K, reserved 1048576K
}
Event: 5.402 GC heap before
{Heap before GC invocations=7 (full 0):
 PSYoungGen      total 563712K, used 563709K [0x00000000d5580000, 0x00000000fce80000, 0x0000000100000000)
  eden space 513024K, 100% used [0x00000000d5580000,0x00000000f4a80000,0x00000000f4a80000)
  from space 50688K, 99% used [0x00000000f8700000,0x00000000fb87f668,0x00000000fb880000)
  to   space 61952K, 0% used [0x00000000f4a80000,0x00000000f4a80000,0x00000000f8700000)
 ParOldGen       total 175104K, used 81641K [0x0000000080000000, 0x000000008ab00000, 0x00000000d5580000)
  object space 175104K, 46% used [0x0000000080000000,0x0000000084fba620,0x000000008ab00000)
 Metaspace       used 6286K, capacity 7216K, committed 7296K, reserved 1056768K
  class space    used 603K, capacity 616K, committed 640K, reserved 1048576K
Event: 5.525 GC heap after
Heap after GC invocations=7 (full 0):
 PSYoungGen      total 574976K, used 61929K [0x00000000d5580000, 0x0000000100000000, 0x0000000100000000)
  eden space 513024K, 0% used [0x00000000d5580000,0x00000000d5580000,0x00000000f4a80000)
  from space 61952K, 99% used [0x00000000f4a80000,0x00000000f86fa630,0x00000000f8700000)
  to   space 108032K, 0% used [0x00000000f9680000,0x00000000f9680000,0x0000000100000000)
 ParOldGen       total 175104K, used 151365K [0x0000000080000000, 0x000000008ab00000, 0x00000000d5580000)
  object space 175104K, 86% used [0x0000000080000000,0x00000000893d1648,0x000000008ab00000)
 Metaspace       used 6286K, capacity 7216K, committed 7296K, reserved 1056768K
  class space    used 603K, capacity 616K, committed 640K, reserved 1048576K
}
Event: 5.525 GC heap before
{Heap before GC invocations=8 (full 1):
 PSYoungGen      total 574976K, used 61929K [0x00000000d5580000, 0x0000000100000000, 0x0000000100000000)
  eden space 513024K, 0% used [0x00000000d5580000,0x00000000d5580000,0x00000000f4a80000)
  from space 61952K, 99% used [0x00000000f4a80000,0x00000000f86fa630,0x00000000f8700000)
  to   space 108032K, 0% used [0x00000000f9680000,0x00000000f9680000,0x0000000100000000)
 ParOldGen       total 175104K, used 151365K [0x0000000080000000, 0x000000008ab00000, 0x00000000d5580000)
  object space 175104K, 86% used [0x0000000080000000,0x00000000893d1648,0x000000008ab00000)
 Metaspace       used 6286K, capacity 7216K, committed 7296K, reserved 1056768K
  class space    used 603K, capacity 616K, committed 640K, reserved 1048576K
Event: 6.407 GC heap after
Heap after GC invocations=8 (full 1):
 PSYoungGen      total 574976K, used 33160K [0x00000000d5580000, 0x0000000100000000, 0x0000000100000000)
  eden space 513024K, 0% used [0x00000000d5580000,0x00000000d5580000,0x00000000f4a80000)
  from space 61952K, 53% used [0x00000000f4a80000,0x00000000f6ae2378,0x00000000f8700000)
  to   space 108032K, 0% used [0x00000000f9680000,0x00000000f9680000,0x0000000100000000)
 ParOldGen       total 348672K, used 174604K [0x0000000080000000, 0x0000000095480000, 0x00000000d5580000)
  object space 348672K, 50% used [0x0000000080000000,0x000000008aa830e0,0x0000000095480000)
 Metaspace       used 6286K, capacity 7216K, committed 7296K, reserved 1056768K
  class space    used 603K, capacity 616K, committed 640K, reserved 1048576K
}

