# JRE version: Java(TM) SE Runtime Environment (8.0_101-b13) (build 1.8.0_101-b13)
# Java VM: Java HotSpot(TM) 64-Bit Server VM (25.101-b13 mixed mode windows-amd64 compressed oops)
Heap:
 PSYoungGen      total 846848K, used 253541K [0x000000076b200000, 0x00000007a0980000, 0x00000007c0000000)
  eden space 829952K, 28% used [0x000000076b200000,0x000000077991d728,0x000000079dc80000)
  from space 16896K, 99% used [0x000000079f100000,0x00000007a017c0a0,0x00000007a0180000)
  to   space 20992K, 0% used [0x000000079dc80000,0x000000079dc80000,0x000000079f100000)
 ParOldGen       total 175104K, used 25183K [0x00000006c1600000, 0x00000006cc100000, 0x000000076b200000)
  object space 175104K, 14% used [0x00000006c1600000,0x00000006c2e97fe8,0x00000006cc100000)
 Metaspace       used 17779K, capacity 18012K, committed 18176K, reserved 1064960K
  class space    used 2127K, capacity 2212K, committed 2304K, reserved 1048576K
GC Heap History (10 events):
Event: 19.468 GC heap before
{Heap before GC invocations=6 (full 0):
 PSYoungGen      total 141824K, used 140355K [0x000000076b200000, 0x000000077c700000, 0x00000007c0000000)
  eden space 131072K, 100% used [0x000000076b200000,0x0000000773200000,0x0000000773200000)
  from space 10752K, 86% used [0x0000000773200000,0x0000000773b10f60,0x0000000773c80000)
  to   space 10752K, 0% used [0x000000077bc80000,0x000000077bc80000,0x000000077c700000)
 ParOldGen       total 175104K, used 128K [0x00000006c1600000, 0x00000006cc100000, 0x000000076b200000)
  object space 175104K, 0% used [0x00000006c1600000,0x00000006c1620010,0x00000006cc100000)
 Metaspace       used 16992K, capacity 17212K, committed 17408K, reserved 1064960K
  class space    used 2084K, capacity 2180K, committed 2304K, reserved 1048576K
Event: 19.479 GC heap after
Heap after GC invocations=6 (full 0):
 PSYoungGen      total 272896K, used 9162K [0x000000076b200000, 0x000000077c700000, 0x00000007c0000000)
  eden space 262144K, 0% used [0x000000076b200000,0x000000076b200000,0x000000077b200000)
  from space 10752K, 85% used [0x000000077bc80000,0x000000077c572bd0,0x000000077c700000)
  to   space 10752K, 0% used [0x000000077b200000,0x000000077b200000,0x000000077bc80000)
 ParOldGen       total 175104K, used 2671K [0x00000006c1600000, 0x00000006cc100000, 0x000000076b200000)
  object space 175104K, 1% used [0x00000006c1600000,0x00000006c189bda8,0x00000006cc100000)
 Metaspace       used 16992K, capacity 17212K, committed 17408K, reserved 1064960K
  class space    used 2084K, capacity 2180K, committed 2304K, reserved 1048576K
}
Event: 20.205 GC heap before
{Heap before GC invocations=7 (full 0):
 PSYoungGen      total 272896K, used 271306K [0x000000076b200000, 0x000000077c700000, 0x00000007c0000000)
  eden space 262144K, 100% used [0x000000076b200000,0x000000077b200000,0x000000077b200000)
  from space 10752K, 85% used [0x000000077bc80000,0x000000077c572bd0,0x000000077c700000)
  to   space 10752K, 0% used [0x000000077b200000,0x000000077b200000,0x000000077bc80000)
 ParOldGen       total 175104K, used 2671K [0x00000006c1600000, 0x00000006cc100000, 0x000000076b200000)
  object space 175104K, 1% used [0x00000006c1600000,0x00000006c189bda8,0x00000006cc100000)
 Metaspace       used 17182K, capacity 17404K, committed 17664K, reserved 1064960K
  class space    used 2087K, capacity 2180K, committed 2304K, reserved 1048576K
Event: 20.239 GC heap after
Heap after GC invocations=7 (full 0):
 PSYoungGen      total 272896K, used 9356K [0x000000076b200000, 0x000000078c700000, 0x00000007c0000000)
  eden space 262144K, 0% used [0x000000076b200000,0x000000076b200000,0x000000077b200000)
  from space 10752K, 87% used [0x000000077b200000,0x000000077bb23078,0x000000077bc80000)
  to   space 10752K, 0% used [0x000000078bc80000,0x000000078bc80000,0x000000078c700000)
 ParOldGen       total 175104K, used 6635K [0x00000006c1600000, 0x00000006cc100000, 0x000000076b200000)
  object space 175104K, 3% used [0x00000006c1600000,0x00000006c1c7af48,0x00000006cc100000)
 Metaspace       used 17182K, capacity 17404K, committed 17664K, reserved 1064960K
  class space    used 2087K, capacity 2180K, committed 2304K, reserved 1048576K
}
Event: 20.781 GC heap before
{Heap before GC invocations=8 (full 0):
 PSYoungGen      total 272896K, used 271500K [0x000000076b200000, 0x000000078c700000, 0x00000007c0000000)
  eden space 262144K, 100% used [0x000000076b200000,0x000000077b200000,0x000000077b200000)
  from space 10752K, 87% used [0x000000077b200000,0x000000077bb23078,0x000000077bc80000)
  to   space 10752K, 0% used [0x000000078bc80000,0x000000078bc80000,0x000000078c700000)
 ParOldGen       total 175104K, used 6635K [0x00000006c1600000, 0x00000006cc100000, 0x000000076b200000)
  object space 175104K, 3% used [0x00000006c1600000,0x00000006c1c7af48,0x00000006cc100000)
 Metaspace       used 17204K, capacity 17404K, committed 17664K, reserved 1064960K
  class space    used 2087K, capacity 2180K, committed 2304K, reserved 1048576K
Event: 20.808 GC heap after
Heap after GC invocations=8 (full 0):
 PSYoungGen      total 531968K, used 10750K [0x000000076b200000, 0x000000078cd00000, 0x00000007c0000000)
  eden space 521216K, 0% used [0x000000076b200000,0x000000076b200000,0x000000078af00000)
  from space 10752K, 99% used [0x000000078bc80000,0x000000078c6ffac0,0x000000078c700000)
  to   space 13824K, 0% used [0x000000078af00000,0x000000078af00000,0x000000078bc80000)
 ParOldGen       total 175104K, used 12755K [0x00000006c1600000, 0x00000006cc100000, 0x000000076b200000)
  object space 175104K, 7% used [0x00000006c1600000,0x00000006c2274f48,0x00000006cc100000)
 Metaspace       used 17204K, capacity 17404K, committed 17664K, reserved 1064960K
  class space    used 2087K, capacity 2180K, committed 2304K, reserved 1048576K
}
Event: 21.567 GC heap before
{Heap before GC invocations=9 (full 0):
 PSYoungGen      total 531968K, used 531966K [0x000000076b200000, 0x000000078cd00000, 0x00000007c0000000)
  eden space 521216K, 100% used [0x000000076b200000,0x000000078af00000,0x000000078af00000)
  from space 10752K, 99% used [0x000000078bc80000,0x000000078c6ffac0,0x000000078c700000)
  to   space 13824K, 0% used [0x000000078af00000,0x000000078af00000,0x000000078bc80000)
 ParOldGen       total 175104K, used 12755K [0x00000006c1600000, 0x00000006cc100000, 0x000000076b200000)
  object space 175104K, 7% used [0x00000006c1600000,0x00000006c2274f48,0x00000006cc100000)
 Metaspace       used 17223K, capacity 17404K, committed 17664K, reserved 1064960K
  class space    used 2087K, capacity 2180K, committed 2304K, reserved 1048576K
Event: 21.624 GC heap after
Heap after GC invocations=9 (full 0):
 PSYoungGen      total 535040K, used 13792K [0x000000076b200000, 0x00000007a0180000, 0x00000007c0000000)
  eden space 521216K, 0% used [0x000000076b200000,0x000000076b200000,0x000000078af00000)
  from space 13824K, 99% used [0x000000078af00000,0x000000078bc78090,0x000000078bc80000)
  to   space 16896K, 0% used [0x000000079f100000,0x000000079f100000,0x00000007a0180000)
 ParOldGen       total 175104K, used 17444K [0x00000006c1600000, 0x00000006cc100000, 0x000000076b200000)
  object space 175104K, 9% used [0x00000006c1600000,0x00000006c2709310,0x00000006cc100000)
 Metaspace       used 17223K, capacity 17404K, committed 17664K, reserved 1064960K
  class space    used 2087K, capacity 2180K, committed 2304K, reserved 1048576K
}
Event: 22.280 GC heap before
{Heap before GC invocations=10 (full 0):
 PSYoungGen      total 535040K, used 535008K [0x000000076b200000, 0x00000007a0180000, 0x00000007c0000000)
  eden space 521216K, 100% used [0x000000076b200000,0x000000078af00000,0x000000078af00000)
  from space 13824K, 99% used [0x000000078af00000,0x000000078bc78090,0x000000078bc80000)
  to   space 16896K, 0% used [0x000000079f100000,0x000000079f100000,0x00000007a0180000)
 ParOldGen       total 175104K, used 17444K [0x00000006c1600000, 0x00000006cc100000, 0x000000076b200000)
  object space 175104K, 9% used [0x00000006c1600000,0x00000006c2709310,0x00000006cc100000)
 Metaspace       used 17233K, capacity 17404K, committed 17664K, reserved 1064960K
  class space    used 2089K, capacity 2180K, committed 2304K, reserved 1048576K
Event: 22.444 GC heap after
Heap after GC invocations=10 (full 0):
 PSYoungGen      total 846848K, used 16880K [0x000000076b200000, 0x00000007a0980000, 0x00000007c0000000)
  eden space 829952K, 0% used [0x000000076b200000,0x000000076b200000,0x000000079dc80000)
  from space 16896K, 99% used [0x000000079f100000,0x00000007a017c0a0,0x00000007a0180000)
  to   space 20992K, 0% used [0x000000079dc80000,0x000000079dc80000,0x000000079f100000)
 ParOldGen       total 175104K, used 25183K [0x00000006c1600000, 0x00000006cc100000, 0x000000076b200000)
  object space 175104K, 14% used [0x00000006c1600000,0x00000006c2e97fe8,0x00000006cc100000)
 Metaspace       used 17233K, capacity 17404K, committed 17664K, reserved 1064960K
  class space    used 2089K, capacity 2180K, committed 2304K, reserved 1048576K
}

